[NX v22.0.2 Daemon Server] - 2025-10-31T05:49:35.184Z - Started listening on: /private/var/folders/hx/xcvhx1lj6zb6smfc9yqz1_vr0000gn/T/fe003132f4b21462baf2/d.sock
[NX v22.0.2 Daemon Server] - 2025-10-31T05:49:35.186Z - [WATCHER]: Subscribed to changes within: /Users/ruilu/Desktop/code/practice/lerna-independent-demo (native)
[NX v22.0.2 Daemon Server] - 2025-10-31T05:49:35.191Z - Established a connection. Number of open connections: 1
[NX v22.0.2 Daemon Server] - 2025-10-31T05:49:35.191Z - Established a connection. Number of open connections: 2
[NX v22.0.2 Daemon Server] - 2025-10-31T05:49:35.192Z - Closed a connection. Number of open connections: 1
[NX v22.0.2 Daemon Server] - 2025-10-31T05:49:35.192Z - [REQUEST]: Client Request for Project Graph Received
[NX v22.0.2 Daemon Server] - 2025-10-31T05:49:35.195Z - Time taken for 'loadSpecifiedNxPlugins' 0.5384579999999914ms
Time for 'plugin worker 15944 code loading' 2.105917
Time for 'plugin worker 15943 code loading' 2.1559160000000013
Time for 'plugin worker 15945 code loading' 2.022124999999999
[NX v22.0.2 Daemon Server] - 2025-10-31T05:49:35.247Z - [WATCHER]: Processing file changes in outputs
[NX v22.0.2 Daemon Server] - 2025-10-31T05:49:35.304Z - Time taken for 'Load Nx Plugin: /Users/ruilu/Desktop/code/practice/lerna-independent-demo/node_modules/nx/src/plugins/project-json/build-nodes/project-json' 110.612584ms
[NX v22.0.2 Daemon Server] - 2025-10-31T05:49:35.305Z - Time taken for 'Load Nx Plugin: /Users/ruilu/Desktop/code/practice/lerna-independent-demo/node_modules/nx/src/plugins/package-json' 112.19045899999999ms
[NX v22.0.2 Daemon Server] - 2025-10-31T05:49:35.316Z - [REQUEST]: Updated workspace context based on watched changes, recomputing project graph...
[NX v22.0.2 Daemon Server] - 2025-10-31T05:49:35.316Z - [REQUEST]: 
[NX v22.0.2 Daemon Server] - 2025-10-31T05:49:35.316Z - [REQUEST]: 
[NX v22.0.2 Daemon Server] - 2025-10-31T05:49:35.316Z - No files changed, but no in-memory cached project graph found. Recomputing it...
[NX v22.0.2 Daemon Server] - 2025-10-31T05:49:35.318Z - Time taken for 'loadDefaultNxPlugins' 122.5455ms
Time for 'nx/core/project-json:createNodes' 0.11299999999999955
Time for 'nx/core/package-json:createNodes' 3.0953329999999966
Time for 'nx/js/dependencies-and-lockfile:createNodes' 5.718958999999998
[NX v22.0.2 Daemon Server] - 2025-10-31T05:49:35.338Z - Time taken for 'build-project-configs' 10.520708999999982ms
Time for 'build typescript dependencies' 1.2443329999999833
[NX v22.0.2 Daemon Server] - 2025-10-31T05:49:35.366Z - [SYNC]: collect registered sync generators
[NX v22.0.2 Daemon Server] - 2025-10-31T05:49:35.368Z - Wrote project graph cache to /Users/ruilu/Desktop/code/practice/lerna-independent-demo/.nx/workspace-data/project-graph.json
[NX v22.0.2 Daemon Server] - 2025-10-31T05:49:35.368Z - [REQUEST]: Responding to the client. project-graph
[NX v22.0.2 Daemon Server] - 2025-10-31T05:49:35.369Z - Time taken for 'total for creating and serializing project graph' 175.75404099999997ms
[NX v22.0.2 Daemon Server] - 2025-10-31T05:49:35.371Z - Done responding to the client project-graph
[NX v22.0.2 Daemon Server] - 2025-10-31T05:49:35.371Z - Handled json message REQUEST_PROJECT_GRAPH. Handling time: 176. Response time: 3.
[NX v22.0.2 Daemon Server] - 2025-10-31T05:49:35.550Z - [REQUEST]: Client Request for Project Graph Received
[NX v22.0.2 Daemon Server] - 2025-10-31T05:49:35.551Z - Reusing in-memory cached project graph because no files changed.
[NX v22.0.2 Daemon Server] - 2025-10-31T05:49:35.553Z - Wrote project graph cache to /Users/ruilu/Desktop/code/practice/lerna-independent-demo/.nx/workspace-data/project-graph.json
[NX v22.0.2 Daemon Server] - 2025-10-31T05:49:35.553Z - [REQUEST]: Responding to the client. project-graph
[NX v22.0.2 Daemon Server] - 2025-10-31T05:49:35.553Z - Time taken for 'total for creating and serializing project graph' 2.155499999999961ms
[NX v22.0.2 Daemon Server] - 2025-10-31T05:49:35.555Z - Done responding to the client project-graph
[NX v22.0.2 Daemon Server] - 2025-10-31T05:49:35.555Z - Handled json message REQUEST_PROJECT_GRAPH. Handling time: 3. Response time: 2.
[NX v22.0.2 Daemon Server] - 2025-10-31T05:49:35.556Z - Established a connection. Number of open connections: 2
[NX v22.0.2 Daemon Server] - 2025-10-31T05:49:35.556Z - [REQUEST]: Client Request for Project Graph Received
[NX v22.0.2 Daemon Server] - 2025-10-31T05:49:35.557Z - Reusing in-memory cached project graph because no files changed.
[NX v22.0.2 Daemon Server] - 2025-10-31T05:49:35.559Z - Wrote project graph cache to /Users/ruilu/Desktop/code/practice/lerna-independent-demo/.nx/workspace-data/project-graph.json
[NX v22.0.2 Daemon Server] - 2025-10-31T05:49:35.559Z - [REQUEST]: Responding to the client. project-graph
[NX v22.0.2 Daemon Server] - 2025-10-31T05:49:35.559Z - Time taken for 'total for creating and serializing project graph' 2.1793330000000424ms
[NX v22.0.2 Daemon Server] - 2025-10-31T05:49:35.561Z - Done responding to the client project-graph
[NX v22.0.2 Daemon Server] - 2025-10-31T05:49:35.561Z - Handled json message REQUEST_PROJECT_GRAPH. Handling time: 3. Response time: 2.
[NX v22.0.2 Daemon Server] - 2025-10-31T05:50:28.848Z - [REQUEST]: Client Request for Project Graph Received
[NX v22.0.2 Daemon Server] - 2025-10-31T05:50:28.849Z - Reusing in-memory cached project graph because no files changed.
[NX v22.0.2 Daemon Server] - 2025-10-31T05:50:28.855Z - Wrote project graph cache to /Users/ruilu/Desktop/code/practice/lerna-independent-demo/.nx/workspace-data/project-graph.json
[NX v22.0.2 Daemon Server] - 2025-10-31T05:50:28.855Z - [REQUEST]: Responding to the client. project-graph
[NX v22.0.2 Daemon Server] - 2025-10-31T05:50:28.857Z - Time taken for 'total for creating and serializing project graph' 7.593874999998661ms
[NX v22.0.2 Daemon Server] - 2025-10-31T05:50:28.860Z - Done responding to the client project-graph
[NX v22.0.2 Daemon Server] - 2025-10-31T05:50:28.861Z - Handled json message REQUEST_PROJECT_GRAPH. Handling time: 7. Response time: 6.
[NX v22.0.2 Daemon Server] - 2025-10-31T05:50:30.144Z - [REQUEST]: Client Request for Project Graph Received
[NX v22.0.2 Daemon Server] - 2025-10-31T05:50:30.144Z - Reusing in-memory cached project graph because no files changed.
[NX v22.0.2 Daemon Server] - 2025-10-31T05:50:30.150Z - Wrote project graph cache to /Users/ruilu/Desktop/code/practice/lerna-independent-demo/.nx/workspace-data/project-graph.json
[NX v22.0.2 Daemon Server] - 2025-10-31T05:50:30.150Z - [REQUEST]: Responding to the client. project-graph
[NX v22.0.2 Daemon Server] - 2025-10-31T05:50:30.152Z - Time taken for 'total for creating and serializing project graph' 6.167000000001281ms
[NX v22.0.2 Daemon Server] - 2025-10-31T05:50:30.159Z - Done responding to the client project-graph
[NX v22.0.2 Daemon Server] - 2025-10-31T05:50:30.159Z - Handled json message REQUEST_PROJECT_GRAPH. Handling time: 6. Response time: 9.
[NX v22.0.2 Daemon Server] - 2025-10-31T05:50:31.742Z - [REQUEST]: Client Request for Project Graph Received
[NX v22.0.2 Daemon Server] - 2025-10-31T05:50:31.742Z - Reusing in-memory cached project graph because no files changed.
[NX v22.0.2 Daemon Server] - 2025-10-31T05:50:31.748Z - Wrote project graph cache to /Users/ruilu/Desktop/code/practice/lerna-independent-demo/.nx/workspace-data/project-graph.json
[NX v22.0.2 Daemon Server] - 2025-10-31T05:50:31.748Z - [REQUEST]: Responding to the client. project-graph
[NX v22.0.2 Daemon Server] - 2025-10-31T05:50:31.750Z - Time taken for 'total for creating and serializing project graph' 6.078792000000249ms
[NX v22.0.2 Daemon Server] - 2025-10-31T05:50:31.755Z - Done responding to the client project-graph
[NX v22.0.2 Daemon Server] - 2025-10-31T05:50:31.755Z - Handled json message REQUEST_PROJECT_GRAPH. Handling time: 6. Response time: 7.
[NX v22.0.2 Daemon Server] - 2025-10-31T05:50:54.304Z - Closed a connection. Number of open connections: 1
[NX v22.0.2 Daemon Server] - 2025-10-31T05:50:54.312Z - Closed a connection. Number of open connections: 0
[NX v22.0.2 Daemon Server] - 2025-10-31T05:55:02.466Z - Established a connection. Number of open connections: 1
[NX v22.0.2 Daemon Server] - 2025-10-31T05:55:02.466Z - Established a connection. Number of open connections: 2
[NX v22.0.2 Daemon Server] - 2025-10-31T05:55:02.467Z - Closed a connection. Number of open connections: 1
[NX v22.0.2 Daemon Server] - 2025-10-31T05:55:02.468Z - [REQUEST]: Client Request for Project Graph Received
[NX v22.0.2 Daemon Server] - 2025-10-31T05:55:02.468Z - Reusing in-memory cached project graph because no files changed.
[NX v22.0.2 Daemon Server] - 2025-10-31T05:55:02.470Z - Wrote project graph cache to /Users/ruilu/Desktop/code/practice/lerna-independent-demo/.nx/workspace-data/project-graph.json
[NX v22.0.2 Daemon Server] - 2025-10-31T05:55:02.470Z - [REQUEST]: Responding to the client. project-graph
[NX v22.0.2 Daemon Server] - 2025-10-31T05:55:02.471Z - Time taken for 'total for creating and serializing project graph' 2.9372500000172295ms
[NX v22.0.2 Daemon Server] - 2025-10-31T05:55:02.473Z - Done responding to the client project-graph
[NX v22.0.2 Daemon Server] - 2025-10-31T05:55:02.473Z - Handled json message REQUEST_PROJECT_GRAPH. Handling time: 2. Response time: 3.
[NX v22.0.2 Daemon Server] - 2025-10-31T05:55:02.475Z - [REQUEST]: Responding to the client. handleContextFileData
[NX v22.0.2 Daemon Server] - 2025-10-31T05:55:02.475Z - Done responding to the client handleContextFileData
[NX v22.0.2 Daemon Server] - 2025-10-31T05:55:02.475Z - Handled json message GET_CONTEXT_FILE_DATA. Handling time: 0. Response time: 0.
[NX v22.0.2 Daemon Server] - 2025-10-31T05:59:03.552Z - Closed a connection. Number of open connections: 0
[NX v22.0.2 Daemon Server] - 2025-10-31T05:59:25.371Z - Established a connection. Number of open connections: 1
[NX v22.0.2 Daemon Server] - 2025-10-31T05:59:25.372Z - Closed a connection. Number of open connections: 0
[NX v22.0.2 Daemon Server] - 2025-10-31T05:59:25.372Z - Established a connection. Number of open connections: 1
[NX v22.0.2 Daemon Server] - 2025-10-31T05:59:25.373Z - [REQUEST]: Client Request for Project Graph Received
[NX v22.0.2 Daemon Server] - 2025-10-31T05:59:25.373Z - Reusing in-memory cached project graph because no files changed.
[NX v22.0.2 Daemon Server] - 2025-10-31T05:59:25.377Z - Wrote project graph cache to /Users/ruilu/Desktop/code/practice/lerna-independent-demo/.nx/workspace-data/project-graph.json
[NX v22.0.2 Daemon Server] - 2025-10-31T05:59:25.377Z - [REQUEST]: Responding to the client. project-graph
[NX v22.0.2 Daemon Server] - 2025-10-31T05:59:25.378Z - Time taken for 'total for creating and serializing project graph' 3.518749999930151ms
[NX v22.0.2 Daemon Server] - 2025-10-31T05:59:25.379Z - Done responding to the client project-graph
[NX v22.0.2 Daemon Server] - 2025-10-31T05:59:25.379Z - Handled json message REQUEST_PROJECT_GRAPH. Handling time: 4. Response time: 2.
[NX v22.0.2 Daemon Server] - 2025-10-31T05:59:25.381Z - [REQUEST]: Responding to the client. handleContextFileData
[NX v22.0.2 Daemon Server] - 2025-10-31T05:59:25.381Z - Done responding to the client handleContextFileData
[NX v22.0.2 Daemon Server] - 2025-10-31T05:59:25.381Z - Handled json message GET_CONTEXT_FILE_DATA. Handling time: 0. Response time: 0.
[NX v22.0.2 Daemon Server] - 2025-10-31T05:59:25.433Z - Closed a connection. Number of open connections: 0
[NX v22.0.2 Daemon Server] - 2025-10-31T06:02:58.569Z - Established a connection. Number of open connections: 1
[NX v22.0.2 Daemon Server] - 2025-10-31T06:02:58.570Z - Established a connection. Number of open connections: 2
[NX v22.0.2 Daemon Server] - 2025-10-31T06:02:58.570Z - Closed a connection. Number of open connections: 1
[NX v22.0.2 Daemon Server] - 2025-10-31T06:02:58.571Z - [REQUEST]: Client Request for Project Graph Received
[NX v22.0.2 Daemon Server] - 2025-10-31T06:02:58.572Z - Reusing in-memory cached project graph because no files changed.
[NX v22.0.2 Daemon Server] - 2025-10-31T06:02:58.575Z - Wrote project graph cache to /Users/ruilu/Desktop/code/practice/lerna-independent-demo/.nx/workspace-data/project-graph.json
[NX v22.0.2 Daemon Server] - 2025-10-31T06:02:58.575Z - [REQUEST]: Responding to the client. project-graph
[NX v22.0.2 Daemon Server] - 2025-10-31T06:02:58.576Z - Time taken for 'total for creating and serializing project graph' 3.4629160000476986ms
[NX v22.0.2 Daemon Server] - 2025-10-31T06:02:58.582Z - Done responding to the client project-graph
[NX v22.0.2 Daemon Server] - 2025-10-31T06:02:58.582Z - Handled json message REQUEST_PROJECT_GRAPH. Handling time: 4. Response time: 7.
[NX v22.0.2 Daemon Server] - 2025-10-31T06:02:58.586Z - [REQUEST]: Responding to the client. handleContextFileData
[NX v22.0.2 Daemon Server] - 2025-10-31T06:02:58.586Z - Done responding to the client handleContextFileData
[NX v22.0.2 Daemon Server] - 2025-10-31T06:02:58.586Z - Handled json message GET_CONTEXT_FILE_DATA. Handling time: 0. Response time: 0.
[NX v22.0.2 Daemon Server] - 2025-10-31T06:02:58.646Z - Closed a connection. Number of open connections: 0
[NX v22.0.2 Daemon Server] - 2025-10-31T06:03:10.019Z - Established a connection. Number of open connections: 1
[NX v22.0.2 Daemon Server] - 2025-10-31T06:03:10.019Z - Closed a connection. Number of open connections: 0
[NX v22.0.2 Daemon Server] - 2025-10-31T06:03:10.019Z - Established a connection. Number of open connections: 1
[NX v22.0.2 Daemon Server] - 2025-10-31T06:03:10.020Z - [REQUEST]: Client Request for Project Graph Received
[NX v22.0.2 Daemon Server] - 2025-10-31T06:03:10.020Z - Reusing in-memory cached project graph because no files changed.
[NX v22.0.2 Daemon Server] - 2025-10-31T06:03:10.022Z - Wrote project graph cache to /Users/ruilu/Desktop/code/practice/lerna-independent-demo/.nx/workspace-data/project-graph.json
[NX v22.0.2 Daemon Server] - 2025-10-31T06:03:10.023Z - [REQUEST]: Responding to the client. project-graph
[NX v22.0.2 Daemon Server] - 2025-10-31T06:03:10.023Z - Time taken for 'total for creating and serializing project graph' 2.332499999902211ms
[NX v22.0.2 Daemon Server] - 2025-10-31T06:03:10.025Z - Done responding to the client project-graph
[NX v22.0.2 Daemon Server] - 2025-10-31T06:03:10.025Z - Handled json message REQUEST_PROJECT_GRAPH. Handling time: 3. Response time: 2.
[NX v22.0.2 Daemon Server] - 2025-10-31T06:03:10.026Z - [REQUEST]: Responding to the client. handleContextFileData
[NX v22.0.2 Daemon Server] - 2025-10-31T06:03:10.026Z - Done responding to the client handleContextFileData
[NX v22.0.2 Daemon Server] - 2025-10-31T06:03:10.026Z - Handled json message GET_CONTEXT_FILE_DATA. Handling time: 0. Response time: 0.
